#
# A fatal error has been detected by the Java Runtime Environment:
#
#  EXCEPTION_ACCESS_VIOLATION (0xc0000005) at pc=0x000000005d9ffd6e, pid=1152, tid=6320
#
# JRE version: 6.0_17-b04
# Java VM: Java HotSpot(TM) 64-Bit Server VM (14.3-b01 mixed mode windows-amd64 )
# Problematic frame:
# C  [m_dispatcher.dll+0xfd6e]
#
# If you would like to submit a bug report, please visit:
#   http://java.sun.com/webapps/bugreport/crash.jsp
# The crash happened outside the Java Virtual Machine in native code.
# See problematic frame for where to report the bug.
#

---------------  T H R E A D  ---------------

Current thread (0x0000000005b34000):  JavaThread "main" [_thread_in_native, id=6320, stack(0x00000000001c0000,0x00000000041c0000)]

siginfo: ExceptionCode=0xc0000005, reading address 0x00000000000000b8

Registers:
EAX=0x0000000000000000, EBX=0x0000000000000001, ECX=0x000000005aa40520, EDX=0x0000000000000007
ESP=0x00000000041bd1c8, EBP=0x00000000041bd7b8, ESI=0x0000000000000000, EDI=0x000000000df4dd40
EIP=0x000000005d9ffd6e, EFLAGS=0x0000000000010202

Top of Stack: (sp=0x00000000041bd1c8)
0x00000000041bd1c8:   000000005a4d7320 0000000000034a24
0x00000000041bd1d8:   00000000041bd4e0 0000000000000001
0x00000000041bd1e8:   0000000005c3f4e0 0000000005b34000
0x00000000041bd1f8:   00000000041bd510 0000000000000000
0x00000000041bd208:   000000001791d5f0 0000000000000000
0x00000000041bd218:   000000005a4d7263 0000000000000001
0x00000000041bd228:   0000000000000000 0000000000000001
0x00000000041bd238:   0000000017924a90 00000000041bd308
0x00000000041bd248:   0000000078a66215 0000000000000000
0x00000000041bd258:   0000000000000000 fffffffffffffffe
0x00000000041bd268:   000000007a6b9088 0000000005b34000
0x00000000041bd278:   0000000000000000 0000000000000000
0x00000000041bd288:   0000000078a76513 0000000000000000
0x00000000041bd298:   0000000005c3f4e8 0000000005c3d640
0x00000000041bd2a8:   00000000041bd510 0000000000000000
0x00000000041bd2b8:   0000000075a8b2c9 0000000000000001 

Instructions: (pc=0x000000005d9ffd6e)
0x000000005d9ffd5e:   48 8b 89 60 04 00 00 48 85 c9 74 1c 48 8b 41 28
0x000000005d9ffd6e:   80 b8 b8 00 00 00 00 74 06 48 85 c9 74 0a c3 48 


Stack: [0x00000000001c0000,0x00000000041c0000],  sp=0x00000000041bd1c8,  free space=65524k
Native frames: (J=compiled Java code, j=interpreted, Vv=VM code, C=native code)
C  [m_dispatcher.dll+0xfd6e]

Java frames: (J=compiled Java code, j=interpreted, Vv=VM code)
j  com.mathworks.jmi.NativeMatlab.SendMatlabMessage(Ljava/lang/Object;)Ljava/lang/Object;+0
j  com.mathworks.jmi.NativeMatlab.sendMatlabMessage(Ljava/lang/Object;)Ljava/lang/Object;+22
j  com.mathworks.jmi.MatlabLooper.sendMatlabMessage(Lcom/mathworks/services/message/MWMessage;)Ljava/lang/Object;+20
j  com.mathworks.jmi.Matlab.mtFevalConsoleOutput(Ljava/lang/String;[Ljava/lang/Object;I)Ljava/lang/Object;+58
j  com.mathworks.mde.desk.MLDesktop$9.run()V+14
j  com.mathworks.jmi.NativeMatlab.dispatchMTRequests(Z)V+57
v  ~StubRoutines::call_stub

---------------  P R O C E S S  ---------------

Java Threads: ( => current thread )
  0x000000005bfaa800 JavaThread "Code Analyzer updating thread" [_thread_blocked, id=3480, stack(0x00000000136c0000,0x0000000013740000)]
  0x000000005bfaa000 JavaThread "Prefs Updater" daemon [_thread_blocked, id=7120, stack(0x00000000123b0000,0x0000000012430000)]
  0x000000005bfa9000 JavaThread "pool-7-thread-1" [_thread_blocked, id=5404, stack(0x0000000012210000,0x0000000012290000)]
  0x000000005bfa6800 JavaThread "pool-6-thread-1" [_thread_blocked, id=4640, stack(0x0000000012290000,0x0000000012310000)]
  0x000000005bfa8800 JavaThread "Timer-5" [_thread_blocked, id=5696, stack(0x00000000124e0000,0x0000000012560000)]
  0x000000005bfa7000 JavaThread "pool-8-thread-1" [_thread_blocked, id=1396, stack(0x0000000012430000,0x00000000124b0000)]
  0x000000005bfa5800 JavaThread "Code Analyzer updating thread" [_thread_blocked, id=6220, stack(0x000000005d570000,0x000000005d5f0000)]
  0x000000005bfa5000 JavaThread "Code Analyzer updating thread" [_thread_blocked, id=6852, stack(0x000000005d4f0000,0x000000005d570000)]
  0x000000005bfa4000 JavaThread "Code Analyzer updating thread" [_thread_blocked, id=5448, stack(0x000000005cc90000,0x000000005cd10000)]
  0x000000005bfa3800 JavaThread "Code Analyzer updating thread" [_thread_blocked, id=1252, stack(0x000000005d240000,0x000000005d2c0000)]
  0x000000005bfa2800 JavaThread "Code Analyzer updating thread" [_thread_blocked, id=5704, stack(0x000000005d0c0000,0x000000005d140000)]
  0x000000005bfa2000 JavaThread "Code Analyzer updating thread" [_thread_blocked, id=6528, stack(0x000000005cf50000,0x000000005cfd0000)]
  0x000000005bfa1800 JavaThread "Code Analyzer updating thread" [_thread_blocked, id=6112, stack(0x000000005b8b0000,0x000000005b930000)]
  0x000000005bfa0800 JavaThread "Code Analyzer updating thread" [_thread_blocked, id=6388, stack(0x000000005cfe0000,0x000000005d060000)]
  0x000000005bfa0000 JavaThread "Code Analyzer updating thread" [_thread_blocked, id=1208, stack(0x000000005cb70000,0x000000005cbf0000)]
  0x000000005bf9f000 JavaThread "Code Analyzer updating thread" [_thread_blocked, id=2332, stack(0x000000005cbf0000,0x000000005cc70000)]
  0x000000005bf9e800 JavaThread "Code Analyzer updating thread" [_thread_blocked, id=1668, stack(0x000000005b290000,0x000000005b310000)]
  0x000000005bf9d800 JavaThread "Code Analyzer updating thread" [_thread_blocked, id=6176, stack(0x000000005b3f0000,0x000000005b470000)]
  0x000000005bf9d000 JavaThread "Code Analyzer updating thread" [_thread_blocked, id=7064, stack(0x000000005b720000,0x000000005b7a0000)]
  0x0000000056906000 JavaThread "Code Analyzer updating thread" [_thread_blocked, id=6240, stack(0x000000005b7f0000,0x000000005b870000)]
  0x0000000056905800 JavaThread "Code Analyzer updating thread" [_thread_blocked, id=6912, stack(0x000000005b940000,0x000000005b9c0000)]
  0x0000000056905000 JavaThread "Code Analyzer updating thread" [_thread_blocked, id=6516, stack(0x000000005b560000,0x000000005b5e0000)]
  0x0000000056904000 JavaThread "Code Analyzer updating thread" [_thread_blocked, id=1736, stack(0x0000000034670000,0x00000000346f0000)]
  0x0000000056903800 JavaThread "Code Analyzer updating thread" [_thread_blocked, id=6308, stack(0x000000005b490000,0x000000005b510000)]
  0x0000000056902000 JavaThread "Code Analyzer updating thread" [_thread_blocked, id=6092, stack(0x000000005b330000,0x000000005b3b0000)]
  0x0000000056901000 JavaThread "Code Analyzer updating thread" [_thread_blocked, id=1476, stack(0x0000000029500000,0x0000000029580000)]
  0x0000000056900800 JavaThread "Code Analyzer updating thread" [_thread_blocked, id=172, stack(0x000000005b0d0000,0x000000005b150000)]
  0x00000000568ff800 JavaThread "Code Analyzer updating thread" [_thread_blocked, id=4480, stack(0x0000000050f20000,0x0000000050fa0000)]
  0x00000000568ff000 JavaThread "Code Analyzer updating thread" [_thread_blocked, id=6080, stack(0x000000005b010000,0x000000005b090000)]
  0x00000000568fe800 JavaThread "Code Analyzer updating thread" [_thread_blocked, id=6572, stack(0x0000000040880000,0x0000000040900000)]
  0x00000000568fd800 JavaThread "Timer-3" [_thread_blocked, id=1040, stack(0x0000000021190000,0x0000000021210000)]
  0x00000000568fc000 JavaThread "Code Analyzer updating thread" [_thread_blocked, id=6736, stack(0x0000000048b10000,0x0000000048b90000)]
  0x00000000568fb800 JavaThread "Active Reference Queue Daemon" daemon [_thread_blocked, id=5540, stack(0x0000000048bd0000,0x0000000048c50000)]
  0x00000000568fa800 JavaThread "Timer-2" daemon [_thread_blocked, id=184, stack(0x0000000008f70000,0x0000000008ff0000)]
  0x00000000568fa000 JavaThread "Timer-1" daemon [_thread_blocked, id=6632, stack(0x0000000044a40000,0x0000000044ac0000)]
  0x00000000568f8800 JavaThread "TimerQueue" daemon [_thread_blocked, id=6384, stack(0x0000000009410000,0x0000000009490000)]
  0x00000000568f8000 JavaThread "AWT-EventQueue-0" [_thread_blocked, id=2644, stack(0x0000000008880000,0x0000000008900000)]
  0x00000000568f7000 JavaThread "AWT-Shutdown" [_thread_blocked, id=3280, stack(0x0000000008a60000,0x0000000008ae0000)]
  0x0000000055793800 JavaThread "FelixPackageAdmin" daemon [_thread_blocked, id=6944, stack(0x0000000009080000,0x0000000009100000)]
  0x0000000056963000 JavaThread "FelixStartLevel" daemon [_thread_blocked, id=3744, stack(0x0000000009000000,0x0000000009080000)]
  0x0000000056ac6800 JavaThread "FelixDispatchQueue" daemon [_thread_blocked, id=6808, stack(0x0000000008bd0000,0x0000000008c50000)]
  0x0000000056249800 JavaThread "com.google.common.base.internal.Finalizer" daemon [_thread_blocked, id=1788, stack(0x0000000008b50000,0x0000000008bd0000)]
  0x00000000550be800 JavaThread "AWT-Windows" daemon [_thread_in_native, id=5032, stack(0x00000000089c0000,0x0000000008a40000)]
  0x00000000550bd000 JavaThread "Java2D Disposer" daemon [_thread_blocked, id=5360, stack(0x00000000086b0000,0x0000000008730000)]
  0x0000000055f40800 JavaThread "Timer-0" [_thread_blocked, id=6484, stack(0x000000002d590000,0x000000002d610000)]
  0x0000000055eb2800 JavaThread "EventMgr Dispatcher" daemon [_thread_in_native, id=4060, stack(0x0000000019160000,0x000000001d160000)]
  0x000000000fecc800 JavaThread "Low Memory Detector" daemon [_thread_blocked, id=5480, stack(0x000000000ff60000,0x000000000ffe0000)]
  0x000000000fecb000 JavaThread "CompilerThread1" daemon [_thread_blocked, id=6732, stack(0x00000000f0440000,0x00000000f4440000)]
  0x000000000fec4000 JavaThread "CompilerThread0" daemon [_thread_blocked, id=2384, stack(0x00000000ec330000,0x00000000f0330000)]
  0x0000000055040800 JavaThread "Attach Listener" daemon [_thread_blocked, id=824, stack(0x0000000018fe0000,0x0000000019060000)]
  0x000000000fea7000 JavaThread "Finalizer" daemon [_thread_blocked, id=6376, stack(0x000000000fed0000,0x000000000ff50000)]
  0x000000000fea1000 JavaThread "Reference Handler" daemon [_thread_blocked, id=7012, stack(0x0000000014e90000,0x0000000014f10000)]
=>0x0000000005b34000 JavaThread "main" [_thread_in_native, id=6320, stack(0x00000000001c0000,0x00000000041c0000)]

Other Threads:
  0x000000000fe9e000 VMThread [stack: 0x0000000069990000,0x000000006d990000] [id=7124]
  0x000000000fece800 WatcherThread [stack: 0x00000000f4530000,0x00000000f8530000] [id=3672]

VM state:not at safepoint (normal execution)

VM Mutex/Monitor currently owned by a thread: None

Heap
 PSYoungGen      total 33728K, used 27726K [0x00000000d3180000, 0x00000000d5d80000, 0x00000000ec200000)
  eden space 24576K, 86% used [0x00000000d3180000,0x00000000d463f030,0x00000000d4980000)
  from space 9152K, 70% used [0x00000000d5490000,0x00000000d5ae4b08,0x00000000d5d80000)
  to   space 10240K, 0% used [0x00000000d4980000,0x00000000d4980000,0x00000000d5380000)
 PSOldGen        total 115008K, used 100088K [0x0000000088000000, 0x000000008f050000, 0x00000000d3180000)
  object space 115008K, 87% used [0x0000000088000000,0x000000008e1be330,0x000000008f050000)
 PSPermGen       total 84160K, used 64758K [0x0000000080000000, 0x0000000085230000, 0x0000000088000000)
  object space 84160K, 76% used [0x0000000080000000,0x0000000083f3d948,0x0000000085230000)

Dynamic libraries:
0x000000013fea0000 - 0x000000013fed2000 	C:\Program Files\MATLAB\R2012a\bin\win64\MATLAB.exe
0x0000000077b00000 - 0x0000000077ca9000 	C:\Windows\SYSTEM32\ntdll.dll
0x00000000777d0000 - 0x00000000778ef000 	C:\Windows\system32\kernel32.dll
0x000007fefe200000 - 0x000007fefe26c000 	C:\Windows\system32\KERNELBASE.dll
0x00000000752a0000 - 0x0000000075328000 	C:\Windows\System32\SYSFER.DLL
0x0000000074460000 - 0x0000000074554000 	C:\Program Files\MATLAB\R2012a\bin\win64\libut.dll
0x00000000758a0000 - 0x0000000075952000 	C:\Program Files\MATLAB\R2012a\bin\win64\libmwi18n.dll
0x0000000180000000 - 0x000000018000b000 	C:\Program Files\MATLAB\R2012a\bin\win64\libmwresource_core.dll
0x0000000073750000 - 0x0000000073823000 	C:\Windows\WinSxS\amd64_microsoft.vc90.crt_1fc8b3b9a1e18e3b_9.0.30729.4940_none_08e4299fa83d7e3c\MSVCP90.dll
0x00000000736b0000 - 0x000000007374d000 	C:\Windows\WinSxS\amd64_microsoft.vc90.crt_1fc8b3b9a1e18e3b_9.0.30729.4940_none_08e4299fa83d7e3c\MSVCR90.dll
0x000000007a170000 - 0x000000007a19c000 	C:\Program Files\MATLAB\R2012a\bin\win64\boost_filesystem-vc90-mt-1_44.dll
0x000000007a560000 - 0x000000007a569000 	C:\Program Files\MATLAB\R2012a\bin\win64\boost_system-vc90-mt-1_44.dll
0x000007feff850000 - 0x000007feff92b000 	C:\Windows\system32\ADVAPI32.dll
0x000007fefe4a0000 - 0x000007fefe53f000 	C:\Windows\system32\msvcrt.dll
0x000007fefe540000 - 0x000007fefe55f000 	C:\Windows\SYSTEM32\sechost.dll
0x000007feffc90000 - 0x000007feffdbd000 	C:\Windows\system32\RPCRT4.dll
0x000000007a010000 - 0x000000007a035000 	C:\Program Files\MATLAB\R2012a\bin\win64\LIBEXPAT.dll
0x000000005ace0000 - 0x000000005aed1000 	C:\Program Files\MATLAB\R2012a\bin\win64\icuin44.dll
0x000000005cdb0000 - 0x000000005cf21000 	C:\Program Files\MATLAB\R2012a\bin\win64\icuuc44.dll
0x0000000010000000 - 0x0000000010e41000 	C:\Program Files\MATLAB\R2012a\bin\win64\icudt44.dll
0x0000000073f70000 - 0x00000000740ad000 	C:\Program Files\MATLAB\R2012a\bin\win64\libmwfl.dll
0x0000000004430000 - 0x0000000004726000 	C:\Program Files\MATLAB\R2012a\bin\win64\libmwMATLAB_res.dll
0x000000007a3b0000 - 0x000000007a3c0000 	C:\Program Files\MATLAB\R2012a\bin\win64\boost_date_time-vc90-mt-1_44.dll
0x000000007a250000 - 0x000000007a263000 	C:\Program Files\MATLAB\R2012a\bin\win64\boost_signals-vc90-mt-1_44.dll
0x000000007a2d0000 - 0x000000007a2e2000 	C:\Program Files\MATLAB\R2012a\bin\win64\boost_thread-vc90-mt-1_44.dll
0x00000000041c0000 - 0x0000000004206000 	C:\Program Files\MATLAB\R2012a\bin\win64\tbb.dll
0x000007fefe480000 - 0x000007fefe499000 	C:\Windows\system32\imagehlp.dll
0x0000000077cc0000 - 0x0000000077cc7000 	C:\Windows\system32\PSAPI.DLL
0x0000000074cb0000 - 0x0000000074cc3000 	C:\Program Files\MATLAB\R2012a\bin\win64\icuio44.dll
0x000007fef85e0000 - 0x000007fef8705000 	C:\Windows\system32\dbghelp.dll
0x0000000077570000 - 0x000000007766a000 	C:\Windows\system32\USER32.dll
0x000007fefe560000 - 0x000007fefe5c7000 	C:\Windows\system32\GDI32.dll
0x000007feffdc0000 - 0x000007feffdce000 	C:\Windows\system32\LPK.dll
0x000007feff780000 - 0x000007feff849000 	C:\Windows\system32\USP10.dll
0x000000007bed0000 - 0x000000007c183000 	C:\Program Files\MATLAB\R2012a\bin\win64\libmwservices.dll
0x0000000075a20000 - 0x0000000075ae2000 	C:\Program Files\MATLAB\R2012a\bin\win64\libmx.dll
0x000000007a210000 - 0x000000007a228000 	C:\Program Files\MATLAB\R2012a\bin\win64\zlib1.dll
0x0000000004250000 - 0x0000000004271000 	C:\Program Files\MATLAB\R2012a\bin\win64\libmwmfl_scalar.dll
0x0000000075f10000 - 0x0000000075f5d000 	C:\Program Files\MATLAB\R2012a\bin\win64\mpath.dll
0x000000007b680000 - 0x000000007bbe1000 	C:\Program Files\MATLAB\R2012a\bin\win64\mlutil.dll
0x0000000061460000 - 0x00000000614df000 	C:\Program Files\MATLAB\R2012a\bin\win64\xmlcore.dll
0x000000007bc30000 - 0x000000007be83000 	C:\Program Files\MATLAB\R2012a\bin\win64\xerces-c_2_7.dll
0x000007fefe3b0000 - 0x000007fefe3fd000 	C:\Windows\system32\WS2_32.dll
0x000007feffe00000 - 0x000007feffe08000 	C:\Windows\system32\NSI.dll
0x00000000042d0000 - 0x00000000042ea000 	C:\Program Files\MATLAB\R2012a\bin\win64\libmwMATLAB_settings_res.dll
0x0000000004730000 - 0x0000000004777000 	C:\Program Files\MATLAB\R2012a\bin\win64\boost_serialization-vc90-mt-1_44.dll
0x000007fefe990000 - 0x000007feff718000 	C:\Windows\system32\SHELL32.dll
0x000007fefe400000 - 0x000007fefe471000 	C:\Windows\system32\SHLWAPI.dll
0x000007fefad90000 - 0x000007fefae30000 	C:\Windows\WinSxS\amd64_microsoft.windows.common-controls_6595b64144ccf1df_5.82.7601.17514_none_a4d6a923711520a9\COMCTL32.dll
0x000007feffa10000 - 0x000007feffaa7000 	C:\Windows\system32\COMDLG32.dll
0x000007fefb6b0000 - 0x000007fefb6c6000 	C:\Windows\system32\NETAPI32.dll
0x000007fefb6a0000 - 0x000007fefb6ac000 	C:\Windows\system32\netutils.dll
0x000007fefdac0000 - 0x000007fefdae3000 	C:\Windows\system32\srvcli.dll
0x000007fefb680000 - 0x000007fefb695000 	C:\Windows\system32\wkscli.dll
0x000007fefe5d0000 - 0x000007fefe7d3000 	C:\Windows\system32\ole32.dll
0x000007feff930000 - 0x000007feffa07000 	C:\Windows\system32\OLEAUT32.dll
0x0000000074970000 - 0x0000000074b06000 	C:\Program Files\MATLAB\R2012a\bin\win64\mcr.dll
0x0000000004780000 - 0x0000000004aeb000 	C:\Program Files\MATLAB\R2012a\bin\win64\iqm.dll
0x000000005a4b0000 - 0x000000005acd1000 	C:\Program Files\MATLAB\R2012a\bin\win64\m_interpreter.dll
0x0000000061820000 - 0x0000000061845000 	C:\Program Files\MATLAB\R2012a\bin\win64\libmex.dll
0x000000005d9f0000 - 0x000000005daa3000 	C:\Program Files\MATLAB\R2012a\bin\win64\m_dispatcher.dll
0x0000000074880000 - 0x000000007496d000 	C:\Program Files\MATLAB\R2012a\bin\win64\boost_regex-vc90-mt-1_44.dll
0x000000005d340000 - 0x000000005d3c4000 	C:\Program Files\MATLAB\R2012a\bin\win64\profiler.dll
0x0000000004b40000 - 0x0000000004d95000 	C:\Program Files\MATLAB\R2012a\bin\win64\libmwmathutil.dll
0x0000000079f40000 - 0x0000000079f6d000 	C:\Program Files\MATLAB\R2012a\bin\win64\libmwmathrng.dll
0x0000000004dc0000 - 0x0000000004e9d000 	C:\Program Files\MATLAB\R2012a\bin\win64\libmwmathcore.dll
0x0000000076160000 - 0x00000000761cb000 	C:\Program Files\MATLAB\R2012a\bin\win64\libmwspmatrix.dll
0x0000000075ea0000 - 0x0000000075f02000 	C:\Program Files\MATLAB\R2012a\bin\win64\libmwcholmod.dll
0x000000007a460000 - 0x000000007a46d000 	C:\Program Files\MATLAB\R2012a\bin\win64\libmwamd.dll
0x000000007a4b0000 - 0x000000007a4bc000 	C:\Program Files\MATLAB\R2012a\bin\win64\libmwcolamd.dll
0x0000000073210000 - 0x0000000073229000 	C:\Program Files\MATLAB\R2012a\bin\win64\libmwblas.dll
0x0000000061690000 - 0x00000000616a2000 	C:\Program Files\MATLAB\R2012a\bin\win64\libmwbinder.dll
0x0000000074ca0000 - 0x0000000074cab000 	C:\Program Files\MATLAB\R2012a\bin\win64\libmwompwrapper.dll
0x000000005cd20000 - 0x000000005cda6000 	C:\Program Files\MATLAB\R2012a\bin\win64\libmwlapack.dll
0x0000000061530000 - 0x0000000061551000 	C:\Program Files\MATLAB\R2012a\bin\win64\m_pcodeio.dll
0x0000000079b10000 - 0x0000000079b77000 	C:\Program Files\MATLAB\R2012a\bin\win64\m_ir.dll
0x0000000059e60000 - 0x000000005a4b0000 	C:\Program Files\MATLAB\R2012a\bin\win64\m_parser.dll
0x0000000061760000 - 0x000000006177a000 	C:\Program Files\MATLAB\R2012a\bin\win64\ir_xfmr.dll
0x0000000059be0000 - 0x0000000059e59000 	C:\Program Files\MATLAB\R2012a\bin\win64\mcos.dll
0x0000000073d00000 - 0x0000000073d0c000 	C:\Program Files\MATLAB\R2012a\bin\win64\mtok.dll
0x00000000614f0000 - 0x0000000061521000 	C:\Program Files\MATLAB\R2012a\bin\win64\m_pcodegen.dll
0x0000000079fb0000 - 0x0000000079fe7000 	C:\Program Files\MATLAB\R2012a\bin\win64\libmwbridge.dll
0x000000005b630000 - 0x000000005b6f8000 	C:\Program Files\MATLAB\R2012a\bin\win64\udd.dll
0x000000005ba20000 - 0x000000005bb72000 	C:\Program Files\MATLAB\R2012a\bin\win64\libmwgui.dll
0x000000005dc60000 - 0x000000005dc77000 	C:\Program Files\MATLAB\R2012a\bin\win64\graphics_util.dll
0x0000000059230000 - 0x0000000059bd3000 	C:\Program Files\MATLAB\R2012a\bin\win64\hg.dll
0x0000000004ff0000 - 0x0000000005057000 	C:\Program Files\MATLAB\R2012a\bin\win64\libmat.dll
0x0000000072d30000 - 0x0000000072f44000 	C:\Program Files\MATLAB\R2012a\bin\win64\hdf5dll.dll
0x0000000075710000 - 0x00000000757c1000 	C:\Program Files\MATLAB\R2012a\bin\win64\jmi.dll
0x0000000005090000 - 0x000000000509e000 	C:\Program Files\MATLAB\R2012a\bin\win64\nativejava_services.dll
0x000000005d9a0000 - 0x000000005d9e2000 	C:\Program Files\MATLAB\R2012a\bin\win64\libmwhardcopy.dll
0x00000000591d0000 - 0x000000005922a000 	C:\Program Files\MATLAB\R2012a\bin\win64\libuij.dll
0x0000000058fc0000 - 0x00000000591cc000 	C:\Program Files\MATLAB\R2012a\bin\win64\hgdatatypes.dll
0x0000000058ec0000 - 0x0000000058fbd000 	C:\Program Files\MATLAB\R2012a\bin\win64\hgutils.dll
0x0000000058e00000 - 0x0000000058ebd000 	C:\Program Files\MATLAB\R2012a\bin\win64\udd_mi.dll
0x0000000005100000 - 0x000000000513b000 	C:\Program Files\MATLAB\R2012a\bin\win64\libmwgbtutils.dll
0x0000000005150000 - 0x0000000005169000 	C:\Program Files\MATLAB\R2012a\bin\win64\libmwgbt.dll
0x0000000005180000 - 0x000000000544a000 	C:\Program Files\MATLAB\R2012a\bin\win64\uiw.dll
0x0000000072fd0000 - 0x0000000072fdf000 	C:\Program Files\MATLAB\R2012a\bin\win64\uinone.dll
0x000007fef7770000 - 0x000007fef7788000 	C:\Windows\system32\MPR.dll
0x0000000058910000 - 0x0000000058df4000 	C:\Windows\WinSxS\amd64_microsoft.vc90.mfc_1fc8b3b9a1e18e3b_9.0.30729.4148_none_04480933ab2137b1\mfc90.dll
0x000007fefb200000 - 0x000007fefb207000 	C:\Windows\system32\MSIMG32.dll
0x000007fefaeb0000 - 0x000007fefaf21000 	C:\Windows\system32\WINSPOOL.DRV
0x000000005dc40000 - 0x000000005dc60000 	C:\Program Files\MATLAB\R2012a\bin\win64\mwoles05.DLL
0x0000000058890000 - 0x000000005890c000 	C:\Program Files\MATLAB\R2012a\bin\win64\comcli.dll
0x000000006e970000 - 0x000000006e99f000 	C:\Windows\WinSxS\amd64_microsoft.vc90.atl_1fc8b3b9a1e18e3b_9.0.30729.4148_none_0a1d2fcba76b3f00\ATL90.DLL
0x0000000071050000 - 0x000000007105c000 	C:\Program Files\MATLAB\R2012a\bin\win64\mlautoregister.dll
0x00000000054a0000 - 0x00000000054b0000 	C:\Program Files\MATLAB\R2012a\bin\win64\boost_iostreams-vc90-mt-1_44.dll
0x000007fefdeb0000 - 0x000007fefdf07000 	C:\Windows\system32\apphelp.dll
0x000007feee8c0000 - 0x000007feee911000 	C:\Windows\AppPatch\AppPatch64\AcGenral.DLL
0x000007fefde70000 - 0x000007fefde95000 	C:\Windows\system32\SspiCli.dll
0x00000000736a0000 - 0x00000000736a3000 	C:\Windows\system32\sfc.dll
0x000007fefa670000 - 0x000007fefa680000 	C:\Windows\system32\sfc_os.DLL
0x000007fefd2d0000 - 0x000007fefd2ee000 	C:\Windows\system32\USERENV.dll
0x000007fefdfe0000 - 0x000007fefdfef000 	C:\Windows\system32\profapi.dll
0x000007fefc6a0000 - 0x000007fefc6b8000 	C:\Windows\system32\dwmapi.dll
0x000007feffdd0000 - 0x000007feffdfe000 	C:\Windows\system32\IMM32.DLL
0x000007fefe7e0000 - 0x000007fefe8e9000 	C:\Windows\system32\MSCTF.dll
0x000007fefc6d0000 - 0x000007fefc726000 	C:\Windows\system32\UxTheme.dll
0x0000000061810000 - 0x000000006181d000 	C:\Windows\WinSxS\amd64_microsoft.vc90.mfcloc_1fc8b3b9a1e18e3b_9.0.30729.4148_none_01c6b44660ce74c3\MFC90ENU.DLL
0x0000000005630000 - 0x0000000005659000 	C:\Program Files\MATLAB\R2012a\bin\win64\tbbmalloc.dll
0x000007fefc790000 - 0x000007fefc79f000 	C:\Program Files\MATLAB\R2012a\bin\win64\xmlxrcsc.dll
0x000007fefdf10000 - 0x000007fefdf1f000 	C:\Windows\system32\CRYPTBASE.dll
0x000007fefc7b0000 - 0x000007fefc9a4000 	C:\Windows\WinSxS\amd64_microsoft.windows.common-controls_6595b64144ccf1df_6.0.7601.17514_none_fa396087175ac9ac\comctl32.dll
0x000007feffab0000 - 0x000007feffc87000 	C:\Windows\system32\SETUPAPI.dll
0x000007fefe370000 - 0x000007fefe3a6000 	C:\Windows\system32\CFGMGR32.dll
0x000007fefe350000 - 0x000007fefe36a000 	C:\Windows\system32\DEVOBJ.dll
0x000007fefe8f0000 - 0x000007fefe989000 	C:\Windows\system32\CLBCatQ.DLL

VM Arguments:
jvm_args: -Xss512k -XX:PermSize=32m -Xms64m -XX:NewRatio=3 -XX:MaxPermSize=128m -Xmx1602m -XX:MaxDirectMemorySize=2147400000 -Dsun.java2d.noddraw=true -Dsun.awt.nopixfmt=true -Xshare:off -Xrs -Dsun.awt.disableMixing=true -Djava.library.path=C:\Program Files\MATLAB\R2012a\bin\win64 vfprintf abort 
java_command: <unknown>
Launcher Type: generic

Environment Variables:
PATH=C:\Program Files\MATLAB\R2012a\bin\win64;C:\Program Files\NVIDIA GPU Computing Toolkit\CUDA\v5.0\bin\;C:\Program Files\NVIDIA GPU Computing Toolkit\CUDA\v5.0\libnvvp\;C:\Program Files (x86)\NVIDIA Corporation\PhysX\Common;C:\Program Files\Common Files\Microsoft Shared\Windows Live;C:\Program Files (x86)\Common Files\Microsoft Shared\Windows Live;C:\Windows\system32;C:\Windows;C:\Windows\System32\Wbem;C:\Windows\System32\WindowsPowerShell\v1.0\;C:\Program Files (x86)\Windows Live\Shared;C:\Program Files\MATLAB\R2012a\runtime\win64;C:\Program Files\MATLAB\R2012a\bin;C:\Program Files\TortoiseSVN\bin;C:\Program Files (x86)\MiKTeX 2.9\miktex\bin\;C:\Python27
USERNAME=Stavros
OS=Windows_NT
PROCESSOR_IDENTIFIER=Intel64 Family 6 Model 45 Stepping 6, GenuineIntel



---------------  S Y S T E M  ---------------

OS: Windows 7 Build 7601 Service Pack 1

CPU:total 12 (16 cores per cpu, 2 threads per core) family 6 model 45 stepping 6, cmov, cx8, fxsr, mmx, sse, sse2, sse3, ssse3, sse4.1, sse4.2, ht

Memory: 4k page, physical 33531184k(25585836k free), swap 39673332k(31565412k free)

vm_info: Java HotSpot(TM) 64-Bit Server VM (14.3-b01) for windows-amd64 JRE (1.6.0_17-b04), built on Oct 11 2009 00:46:08 by "java_re" with MS VC++ 8.0

time: Fri Jul 17 18:13:19 2015
elapsed time: 6301 seconds

